<?xml version="1.0" encoding="UTF-8"?>
<robot generator="Robot 5.0 (Python 3.10.4 on win32)" generated="20220522 16:26:02.065" rpa="false" schemaversion="3">
<suite id="s1" name="Teste" source="C:\Users\Kaleby\Documents\Estudos\Teste_epharma\Robot\teste_epharma\teste.robot">
<test id="s1-t1" name="Cenario 1" line="61">
<kw name="Nova sessão">
<kw name="Open Browser" library="SeleniumLibrary">
<arg>https://demoqa.com/automation-practice-form</arg>
<arg>chrome</arg>
<doc>Opens a new browser instance to the optional ``url``.</doc>
<msg timestamp="20220522 16:26:02.204" level="INFO">Opening browser 'chrome' to base url 'https://demoqa.com/automation-practice-form'.</msg>
<status status="PASS" starttime="20220522 16:26:02.204" endtime="20220522 16:26:06.777"/>
</kw>
<status status="PASS" starttime="20220522 16:26:02.203" endtime="20220522 16:26:06.777"/>
</kw>
<kw name="Preencher campos">
<kw name="Input Text" library="SeleniumLibrary">
<arg>${first-name}</arg>
<arg>Kaleby</arg>
<doc>Types the given ``text`` into the text field identified by ``locator``.</doc>
<msg timestamp="20220522 16:26:06.778" level="INFO">Typing text 'Kaleby' into text field 'id=firstName'.</msg>
<status status="PASS" starttime="20220522 16:26:06.778" endtime="20220522 16:26:06.853"/>
</kw>
<kw name="Input Text" library="SeleniumLibrary">
<arg>${last-name}</arg>
<arg>Porfirio</arg>
<doc>Types the given ``text`` into the text field identified by ``locator``.</doc>
<msg timestamp="20220522 16:26:06.853" level="INFO">Typing text 'Porfirio' into text field 'id=lastName'.</msg>
<status status="PASS" starttime="20220522 16:26:06.853" endtime="20220522 16:26:06.918"/>
</kw>
<kw name="Input Text" library="SeleniumLibrary">
<arg>${email_adress}</arg>
<arg>kaleby@gmail.com</arg>
<doc>Types the given ``text`` into the text field identified by ``locator``.</doc>
<msg timestamp="20220522 16:26:06.918" level="INFO">Typing text 'kaleby@gmail.com' into text field 'id=userEmail'.</msg>
<status status="PASS" starttime="20220522 16:26:06.918" endtime="20220522 16:26:06.990"/>
</kw>
<kw name="Press Keys" library="SeleniumLibrary">
<arg>${gender}</arg>
<arg>Male</arg>
<doc>Simulates the user pressing key(s) to an element or on the active browser.</doc>
<msg timestamp="20220522 16:26:06.990" level="INFO">Sending key(s) ('Male',) to id=gender-radio-1 element.</msg>
<msg timestamp="20220522 16:26:07.289" level="INFO">Sending keys Male</msg>
<status status="PASS" starttime="20220522 16:26:06.990" endtime="20220522 16:26:07.295"/>
</kw>
<kw name="Input Text" library="SeleniumLibrary">
<arg>${phone}</arg>
<arg>8586439162</arg>
<doc>Types the given ``text`` into the text field identified by ``locator``.</doc>
<msg timestamp="20220522 16:26:07.295" level="INFO">Typing text '8586439162' into text field 'id=userNumber'.</msg>
<status status="PASS" starttime="20220522 16:26:07.295" endtime="20220522 16:26:07.372"/>
</kw>
<kw name="Press Keys" library="SeleniumLibrary">
<arg>${phone}</arg>
<arg>TAB</arg>
<doc>Simulates the user pressing key(s) to an element or on the active browser.</doc>
<msg timestamp="20220522 16:26:07.373" level="INFO">Sending key(s) ('TAB',) to id=userNumber element.</msg>
<msg timestamp="20220522 16:26:07.659" level="INFO">Pressing special key TAB to element.</msg>
<msg timestamp="20220522 16:26:07.659" level="INFO">Releasing special key TAB.</msg>
<status status="PASS" starttime="20220522 16:26:07.373" endtime="20220522 16:26:07.698"/>
</kw>
<kw name="Select From List By Label" library="SeleniumLibrary">
<arg>${Month}</arg>
<arg>February</arg>
<doc>Selects options from selection list ``locator`` by ``labels``.</doc>
<msg timestamp="20220522 16:26:07.698" level="INFO">Selecting options from selection list 'css:select[class='react-datepicker__month-select']' by label February.</msg>
<status status="PASS" starttime="20220522 16:26:07.698" endtime="20220522 16:26:07.813"/>
</kw>
<kw name="Select From List By Value" library="SeleniumLibrary">
<arg>${Year}</arg>
<arg>1995</arg>
<doc>Selects options from selection list ``locator`` by ``values``.</doc>
<msg timestamp="20220522 16:26:07.813" level="INFO">Selecting options from selection list 'css:select[class='react-datepicker__year-select']' by value 1995.</msg>
<status status="PASS" starttime="20220522 16:26:07.813" endtime="20220522 16:26:07.884"/>
</kw>
<kw name="Press Keys" library="SeleniumLibrary">
<arg>${Day}</arg>
<arg>11</arg>
<doc>Simulates the user pressing key(s) to an element or on the active browser.</doc>
<msg timestamp="20220522 16:26:07.884" level="INFO">Sending key(s) ('11',) to css:div[aria-label='Choose Saturday, February 11th, 1995'] element.</msg>
<msg timestamp="20220522 16:26:08.191" level="INFO">Sending keys 11</msg>
<status status="PASS" starttime="20220522 16:26:07.884" endtime="20220522 16:26:08.195"/>
</kw>
<kw name="Input Text" library="SeleniumLibrary">
<arg>${subjects}</arg>
<arg>M</arg>
<doc>Types the given ``text`` into the text field identified by ``locator``.</doc>
<msg timestamp="20220522 16:26:08.196" level="INFO">Typing text 'M' into text field 'id=subjectsInput'.</msg>
<status status="PASS" starttime="20220522 16:26:08.195" endtime="20220522 16:26:08.271"/>
</kw>
<kw name="Clear Element Text" library="SeleniumLibrary">
<arg>${subjects}</arg>
<doc>Clears the value of the text-input-element identified by ``locator``.</doc>
<status status="PASS" starttime="20220522 16:26:08.271" endtime="20220522 16:26:08.294"/>
</kw>
<kw name="Input Text" library="SeleniumLibrary">
<arg>${butsub}</arg>
<arg>Maths</arg>
<doc>Types the given ``text`` into the text field identified by ``locator``.</doc>
<msg timestamp="20220522 16:26:08.295" level="INFO">Typing text 'Maths' into text field 'css:input[aria-autocomplete='list']'.</msg>
<status status="PASS" starttime="20220522 16:26:08.295" endtime="20220522 16:26:08.348"/>
</kw>
<kw name="Press Keys" library="SeleniumLibrary">
<arg>${butsub}</arg>
<arg>TAB</arg>
<doc>Simulates the user pressing key(s) to an element or on the active browser.</doc>
<msg timestamp="20220522 16:26:08.349" level="INFO">Sending key(s) ('TAB',) to css:input[aria-autocomplete='list'] element.</msg>
<msg timestamp="20220522 16:26:08.636" level="INFO">Pressing special key TAB to element.</msg>
<msg timestamp="20220522 16:26:08.636" level="INFO">Releasing special key TAB.</msg>
<status status="PASS" starttime="20220522 16:26:08.348" endtime="20220522 16:26:08.646"/>
</kw>
<kw name="Press Keys" library="SeleniumLibrary">
<arg>${hobbies}</arg>
<arg>TAB</arg>
<doc>Simulates the user pressing key(s) to an element or on the active browser.</doc>
<msg timestamp="20220522 16:26:08.646" level="INFO">Sending key(s) ('TAB',) to css:input[value='1'] element.</msg>
<msg timestamp="20220522 16:26:08.920" level="INFO">Pressing special key TAB to element.</msg>
<msg timestamp="20220522 16:26:08.921" level="INFO">Releasing special key TAB.</msg>
<status status="PASS" starttime="20220522 16:26:08.646" endtime="20220522 16:26:08.925"/>
</kw>
<kw name="Choose File" library="SeleniumLibrary">
<arg>${image}</arg>
<arg>${file}</arg>
<doc>Inputs the ``file_path`` into the file input field ``locator``.</doc>
<msg timestamp="20220522 16:26:08.925" level="INFO">Sending C:\Users\Kaleby\Pictures\image.jpeg to browser.</msg>
<status status="PASS" starttime="20220522 16:26:08.925" endtime="20220522 16:26:08.960"/>
</kw>
<kw name="Input Text" library="SeleniumLibrary">
<arg>${adress}</arg>
<arg>Rua Bias Mendes, 1301, Fortaleza - CE</arg>
<doc>Types the given ``text`` into the text field identified by ``locator``.</doc>
<msg timestamp="20220522 16:26:08.960" level="INFO">Typing text 'Rua Bias Mendes, 1301, Fortaleza - CE' into text field 'id=currentAddress'.</msg>
<status status="PASS" starttime="20220522 16:26:08.960" endtime="20220522 16:26:09.042"/>
</kw>
<kw name="Input Text" library="SeleniumLibrary">
<arg>${state}</arg>
<arg>NCR</arg>
<doc>Types the given ``text`` into the text field identified by ``locator``.</doc>
<msg timestamp="20220522 16:26:09.042" level="INFO">Typing text 'NCR' into text field 'id=react-select-3-input'.</msg>
<status status="PASS" starttime="20220522 16:26:09.042" endtime="20220522 16:26:09.123"/>
</kw>
<kw name="Press Keys" library="SeleniumLibrary">
<arg>${state}</arg>
<arg>TAB</arg>
<doc>Simulates the user pressing key(s) to an element or on the active browser.</doc>
<msg timestamp="20220522 16:26:09.123" level="INFO">Sending key(s) ('TAB',) to id=react-select-3-input element.</msg>
<msg timestamp="20220522 16:26:09.392" level="INFO">Pressing special key TAB to element.</msg>
<msg timestamp="20220522 16:26:09.392" level="INFO">Releasing special key TAB.</msg>
<status status="PASS" starttime="20220522 16:26:09.123" endtime="20220522 16:26:09.401"/>
</kw>
<kw name="Input Text" library="SeleniumLibrary">
<arg>${city}</arg>
<arg>Noida</arg>
<doc>Types the given ``text`` into the text field identified by ``locator``.</doc>
<msg timestamp="20220522 16:26:09.401" level="INFO">Typing text 'Noida' into text field 'id=react-select-4-input'.</msg>
<status status="PASS" starttime="20220522 16:26:09.401" endtime="20220522 16:26:09.497"/>
</kw>
<kw name="Press Keys" library="SeleniumLibrary">
<arg>${city}</arg>
<arg>TAB</arg>
<doc>Simulates the user pressing key(s) to an element or on the active browser.</doc>
<msg timestamp="20220522 16:26:09.497" level="INFO">Sending key(s) ('TAB',) to id=react-select-4-input element.</msg>
<msg timestamp="20220522 16:26:09.778" level="INFO">Pressing special key TAB to element.</msg>
<msg timestamp="20220522 16:26:09.778" level="INFO">Releasing special key TAB.</msg>
<status status="PASS" starttime="20220522 16:26:09.497" endtime="20220522 16:26:09.784"/>
</kw>
<status status="PASS" starttime="20220522 16:26:06.778" endtime="20220522 16:26:09.784"/>
</kw>
<kw name="Clica em Submit">
<kw name="Click Element" library="SeleniumLibrary">
<arg>//button[@type="submit"]</arg>
<arg>Enter</arg>
<doc>Click the element identified by ``locator``.</doc>
<msg timestamp="20220522 16:26:09.785" level="INFO">Clicking element '//button[@type="submit"]' with Enter.</msg>
<status status="PASS" starttime="20220522 16:26:09.784" endtime="20220522 16:26:10.075"/>
</kw>
<status status="PASS" starttime="20220522 16:26:09.784" endtime="20220522 16:26:10.076"/>
</kw>
<kw name="Encerra sessão">
<kw name="Sleep" library="BuiltIn">
<arg>3s</arg>
<doc>Pauses the test executed for the given time.</doc>
<msg timestamp="20220522 16:26:13.077" level="INFO">Slept 3 seconds</msg>
<status status="PASS" starttime="20220522 16:26:10.076" endtime="20220522 16:26:13.077"/>
</kw>
<kw name="Close Browser" library="SeleniumLibrary">
<doc>Closes the current browser.</doc>
<status status="PASS" starttime="20220522 16:26:13.077" endtime="20220522 16:26:15.192"/>
</kw>
<status status="PASS" starttime="20220522 16:26:10.076" endtime="20220522 16:26:15.192"/>
</kw>
<status status="PASS" starttime="20220522 16:26:02.203" endtime="20220522 16:26:15.192"/>
</test>
<status status="PASS" starttime="20220522 16:26:02.066" endtime="20220522 16:26:15.193"/>
</suite>
<statistics>
<total>
<stat pass="1" fail="0" skip="0">All Tests</stat>
</total>
<tag>
</tag>
<suite>
<stat pass="1" fail="0" skip="0" id="s1" name="Teste">Teste</stat>
</suite>
</statistics>
<errors>
</errors>
</robot>
